<?xml version="1.0" encoding="UTF-8"?>
<testng-results ignored="0" total="1" passed="1" failed="0" skipped="0">
  <reporter-output>
  </reporter-output>
  <suite started-at="2025-03-26T11:58:00 SGT" name="Suite" finished-at="2025-03-26T11:58:07 SGT" duration-ms="6669">
    <groups>
    </groups>
    <test started-at="2025-03-26T11:58:00 SGT" name="Test" finished-at="2025-03-26T11:58:07 SGT" duration-ms="6669">
      <class name="com.qa.ShippingRateCalculator.test.Testclass">
        <test-method is-config="true" signature="setup()[pri:0, instance:com.qa.ShippingRateCalculator.test.Testclass@6e6f2380]" started-at="2025-03-26T11:58:00 SGT" name="setup" finished-at="2025-03-26T11:58:02 SGT" duration-ms="1664" status="PASS">
          <reporter-output>
          </reporter-output>
        </test-method> <!-- setup -->
        <test-method signature="TestShippingQuote()[pri:0, instance:com.qa.ShippingRateCalculator.test.Testclass@6e6f2380]" started-at="2025-03-26T11:58:02 SGT" name="TestShippingQuote" finished-at="2025-03-26T11:58:07 SGT" duration-ms="4762" status="PASS">
          <reporter-output>
          </reporter-output>
        </test-method> <!-- TestShippingQuote -->
        <test-method is-config="true" signature="TearDown()[pri:0, instance:com.qa.ShippingRateCalculator.test.Testclass@6e6f2380]" started-at="2025-03-26T11:58:07 SGT" name="TearDown" finished-at="2025-03-26T11:58:07 SGT" duration-ms="192" status="PASS">
          <reporter-output>
          </reporter-output>
        </test-method> <!-- TearDown -->
      </class> <!-- com.qa.ShippingRateCalculator.test.Testclass -->
    </test> <!-- Test -->
  </suite> <!-- Suite -->
</testng-results>
