<?xml version="1.0" encoding="UTF-8"?>
<testng-results ignored="0" total="1" passed="1" failed="0" skipped="0">
  <reporter-output>
  </reporter-output>
  <suite started-at="2025-03-26T11:57:20 SGT" name="Suite" finished-at="2025-03-26T11:57:27 SGT" duration-ms="6923">
    <groups>
    </groups>
    <test started-at="2025-03-26T11:57:20 SGT" name="Test" finished-at="2025-03-26T11:57:27 SGT" duration-ms="6923">
      <class name="com.qa.ShippingRateCalculator.test.Testclass">
        <test-method is-config="true" signature="setup()[pri:0, instance:com.qa.ShippingRateCalculator.test.Testclass@72cc7e6f]" started-at="2025-03-26T11:57:20 SGT" name="setup" finished-at="2025-03-26T11:57:22 SGT" duration-ms="1840" status="PASS">
          <reporter-output>
          </reporter-output>
        </test-method> <!-- setup -->
        <test-method signature="TestShippingQuote()[pri:0, instance:com.qa.ShippingRateCalculator.test.Testclass@72cc7e6f]" started-at="2025-03-26T11:57:22 SGT" name="TestShippingQuote" finished-at="2025-03-26T11:57:27 SGT" duration-ms="4823" status="PASS">
          <reporter-output>
          </reporter-output>
        </test-method> <!-- TestShippingQuote -->
        <test-method is-config="true" signature="TearDown()[pri:0, instance:com.qa.ShippingRateCalculator.test.Testclass@72cc7e6f]" started-at="2025-03-26T11:57:27 SGT" name="TearDown" finished-at="2025-03-26T11:57:27 SGT" duration-ms="215" status="PASS">
          <reporter-output>
          </reporter-output>
        </test-method> <!-- TearDown -->
      </class> <!-- com.qa.ShippingRateCalculator.test.Testclass -->
    </test> <!-- Test -->
  </suite> <!-- Suite -->
</testng-results>
